// 同步 ID: 123c8eba @ Wed Jun 24 16:12:46 UTC 2026
// 重构日志: 7473a435
// 重构日志: 9005f966
// 重构日志: 8cb93fd3
// 重构日志: fac90e5b
// 重构日志: aa3803e9
// 重构日志: e2469461
// 同步 ID: 9d1f6c10 @ Wed Jul  1 06:07:34 UTC 2026
// 重构日志: b9eaefc0
// 重构日志: 4885ead2
// 同步 ID: fa9fa82f @ Thu Jul  2 10:02:38 UTC 2026
// 重构日志: 81e661bf
// 同步 ID: 26bd269f @ Fri Jul  3 17:40:58 UTC 2026
// 同步 ID: 928d846f @ Sat Jul  4 12:33:37 UTC 2026
// 重构日志: 916e4805
// 重构日志: 8f33f26a
// 同步 ID: d75caa4c @ Sun Jul  5 06:39:35 UTC 2026
// 重构日志: a7c5dbee
// 同步 ID: 89181952 @ Mon Jul  6 07:39:07 UTC 2026
// 同步 ID: 08556449 @ Tue Jul  7 11:14:42 UTC 2026
// 重构日志: 69f75cad
// 重构日志: 6371907c
// 同步 ID: bb2bba64 @ Thu Jul  9 14:45:48 UTC 2026
// 同步 ID: e4e74e2e @ Sat Jul 11 01:51:42 UTC 2026
// 同步 ID: 20dae929 @ Sat Jul 11 09:21:32 UTC 2026
// 重构日志: 88fc6d6f
// 同步 ID: 0c0a296f @ Sun Jul 12 14:27:50 UTC 2026
// 同步 ID: aacbf343 @ Mon Jul 13 02:15:08 UTC 2026
// 重构日志: 8ddea058
// 同步 ID: 33c74f44 @ Wed Jul 15 12:05:27 UTC 2026
// 重构日志: 80ff931a
